<?xml version="1.0" encoding="utf-8"?><testsuites name="pytest tests"><testsuite name="pytest" errors="0" failures="0" skipped="0" tests="24" time="2.633" timestamp="2026-05-11T02:55:54.616198+00:00" hostname="agent-env-b27f4a1d-9870-4ba3-8883-b0deea53cf8d"><testcase classname="backend.tests.test_action" name="test_default_action_is_silent" time="0.316" /><testcase classname="backend.tests.test_action" name="test_create_with_action_ring" time="0.149" /><testcase classname="backend.tests.test_action" name="test_invalid_action_value" time="0.047" /><testcase classname="backend.tests.test_action" name="test_update_action_independently" time="0.189" /><testcase classname="backend.tests.test_action" name="test_put_invalid_action" time="0.045" /><testcase classname="backend.tests.test_action" name="test_update_other_field_preserves_action" time="0.101" /><testcase classname="backend.tests.test_action" name="test_share_includes_action" time="0.093" /><testcase classname="backend.tests.test_action" name="test_share_default_action" time="0.098" /><testcase classname="backend.tests.test_action" name="test_share_invalid_action" time="0.090" /><testcase classname="backend.tests.test_quietzones" name="test_root_ok" time="0.147" /><testcase classname="backend.tests.test_quietzones" name="test_create_place" time="0.056" /><testcase classname="backend.tests.test_quietzones" name="test_invalid_category" time="0.049" /><testcase classname="backend.tests.test_quietzones" name="test_invalid_radius" time="0.103" /><testcase classname="backend.tests.test_quietzones" name="test_list_places" time="0.051" /><testcase classname="backend.tests.test_quietzones" name="test_get_place" time="0.093" /><testcase classname="backend.tests.test_quietzones" name="test_get_place_404" time="0.055" /><testcase classname="backend.tests.test_quietzones" name="test_update_place" time="0.101" /><testcase classname="backend.tests.test_quietzones" name="test_create_visit_enter" time="0.054" /><testcase classname="backend.tests.test_quietzones" name="test_create_visit_exit" time="0.050" /><testcase classname="backend.tests.test_quietzones" name="test_list_visits_sorted" time="0.055" /><testcase classname="backend.tests.test_quietzones" name="test_stats" time="0.058" /><testcase classname="backend.tests.test_quietzones" name="test_delete_place_cascades" time="0.180" /><testcase classname="backend.tests.test_quietzones" name="test_delete_place_404" time="0.059" /><testcase classname="backend.tests.test_quietzones" name="test_clear_visits" time="0.288" /></testsuite></testsuites>