<?xml version="1.0" encoding="utf-8"?><testsuites name="pytest tests"><testsuite name="pytest" errors="0" failures="0" skipped="0" tests="30" time="3.207" timestamp="2026-05-18T11:02:20.092505+00:00" hostname="agent-env-b27f4a1d-9870-4ba3-8883-b0deea53cf8d"><testcase classname="backend.tests.test_quietzones" name="test_root_ok" time="0.251" /><testcase classname="backend.tests.test_quietzones" name="test_create_place" time="0.055" /><testcase classname="backend.tests.test_quietzones" name="test_invalid_category" time="0.048" /><testcase classname="backend.tests.test_quietzones" name="test_invalid_radius" time="0.097" /><testcase classname="backend.tests.test_quietzones" name="test_list_places" time="0.055" /><testcase classname="backend.tests.test_quietzones" name="test_get_place" time="0.048" /><testcase classname="backend.tests.test_quietzones" name="test_get_place_404" time="0.052" /><testcase classname="backend.tests.test_quietzones" name="test_update_place" time="0.100" /><testcase classname="backend.tests.test_quietzones" name="test_create_visit_enter" time="0.053" /><testcase classname="backend.tests.test_quietzones" name="test_create_visit_exit" time="0.048" /><testcase classname="backend.tests.test_quietzones" name="test_list_visits_sorted" time="0.048" /><testcase classname="backend.tests.test_quietzones" name="test_stats" time="0.073" /><testcase classname="backend.tests.test_quietzones" name="test_delete_place_cascades" time="0.137" /><testcase classname="backend.tests.test_quietzones" name="test_delete_place_404" time="0.049" /><testcase classname="backend.tests.test_quietzones" name="test_clear_visits" time="0.244" /><testcase classname="backend.tests.test_shares" name="test_create_share_ok" time="0.191" /><testcase classname="backend.tests.test_shares" name="test_create_share_empty_places_400" time="0.046" /><testcase classname="backend.tests.test_shares" name="test_create_share_too_many_places_400" time="0.052" /><testcase classname="backend.tests.test_shares" name="test_get_share_increments_view_count" time="0.114" /><testcase classname="backend.tests.test_shares" name="test_get_share_404" time="0.092" /><testcase classname="backend.tests.test_shares" name="test_existing_share_ab176dbf5b" time="0.051" /><testcase classname="backend.tests.test_action" name="test_default_action_is_silent" time="0.165" /><testcase classname="backend.tests.test_action" name="test_create_with_action_ring" time="0.148" /><testcase classname="backend.tests.test_action" name="test_invalid_action_value" time="0.048" /><testcase classname="backend.tests.test_action" name="test_update_action_independently" time="0.200" /><testcase classname="backend.tests.test_action" name="test_put_invalid_action" time="0.050" /><testcase classname="backend.tests.test_action" name="test_update_other_field_preserves_action" time="0.098" /><testcase classname="backend.tests.test_action" name="test_share_includes_action" time="0.101" /><testcase classname="backend.tests.test_action" name="test_share_default_action" time="0.104" /><testcase classname="backend.tests.test_action" name="test_share_invalid_action" time="0.103" /></testsuite></testsuites>