<?xml version="1.0" encoding="utf-8"?><testsuites name="pytest tests"><testsuite name="pytest" errors="0" failures="0" skipped="0" tests="15" time="1.953" timestamp="2026-05-11T00:17:46.242677+00:00" hostname="agent-env-b27f4a1d-9870-4ba3-8883-b0deea53cf8d"><testcase classname="backend.tests.test_quietzones" name="test_root_ok" time="0.268" /><testcase classname="backend.tests.test_quietzones" name="test_create_place" time="0.059" /><testcase classname="backend.tests.test_quietzones" name="test_invalid_category" time="0.060" /><testcase classname="backend.tests.test_quietzones" name="test_invalid_radius" time="0.119" /><testcase classname="backend.tests.test_quietzones" name="test_list_places" time="0.064" /><testcase classname="backend.tests.test_quietzones" name="test_get_place" time="0.064" /><testcase classname="backend.tests.test_quietzones" name="test_get_place_404" time="0.120" /><testcase classname="backend.tests.test_quietzones" name="test_update_place" time="0.120" /><testcase classname="backend.tests.test_quietzones" name="test_create_visit_enter" time="0.083" /><testcase classname="backend.tests.test_quietzones" name="test_create_visit_exit" time="0.062" /><testcase classname="backend.tests.test_quietzones" name="test_list_visits_sorted" time="0.058" /><testcase classname="backend.tests.test_quietzones" name="test_stats" time="0.061" /><testcase classname="backend.tests.test_quietzones" name="test_delete_place_cascades" time="0.200" /><testcase classname="backend.tests.test_quietzones" name="test_delete_place_404" time="0.058" /><testcase classname="backend.tests.test_quietzones" name="test_clear_visits" time="0.307" /></testsuite></testsuites>