<?xml version="1.0" encoding="utf-8"?><testsuites name="pytest tests"><testsuite name="pytest" errors="0" failures="0" skipped="0" tests="6" time="0.656" timestamp="2026-05-11T01:53:31.269661+00:00" hostname="agent-env-b27f4a1d-9870-4ba3-8883-b0deea53cf8d"><testcase classname="backend.tests.test_shares" name="test_create_share_ok" time="0.272" /><testcase classname="backend.tests.test_shares" name="test_create_share_empty_places_400" time="0.052" /><testcase classname="backend.tests.test_shares" name="test_create_share_too_many_places_400" time="0.047" /><testcase classname="backend.tests.test_shares" name="test_get_share_increments_view_count" time="0.108" /><testcase classname="backend.tests.test_shares" name="test_get_share_404" time="0.055" /><testcase classname="backend.tests.test_shares" name="test_existing_share_ab176dbf5b" time="0.056" /></testsuite></testsuites>